Added Component: Designator=C2(CN2)
Add component (AddParameter): Name = "Value"; Value = "0.1uF"; VariantName = "[No Variations]"
Added Component: Designator=C6(CN2)
Add component (AddParameter): Name = "Value"; Value = "0.1uF"; VariantName = "[No Variations]"
Added Component: Designator=HC5(HC06)
Add component (AddParameter): Name = "ComponentLink1 Description"; Value = "Manufacturer"; VariantName = "[No Variations]"
Add component (AddParameter): Name = "ComponentLink1URL"; Value = "http://www.we-online.com"; VariantName = "[No Variations]"
Add component (AddParameter): Name = "ComponentLink2 Description"; Value = "Datasheet"; VariantName = "[No Variations]"
Add component (AddParameter): Name = "ComponentLink2URL"; Value = "http://katalog.we-online.de/em/datasheet/6130xx143121.pdf"; VariantName = "[No Variations]"
Add component (AddParameter): Name = "Created by"; Value = "Karrer Zheng"; VariantName = "[No Variations]"
Add component (AddParameter): Name = "Created Date"; Value = "29 March 2013"; VariantName = "[No Variations]"
Add component (AddParameter): Name = "Manufacturer"; Value = "W¨¹rth Elektronik eiSos GmbH"; VariantName = "[No Variations]"
Add component (AddParameter): Name = "NoPins"; Value = "04"; VariantName = "[No Variations]"
Add component (AddParameter): Name = "partNo"; Value = "613004143121"; VariantName = "[No Variations]"
Added Component: Designator=IC1(QTO-220)
Add component (AddParameter): Name = "Value"; Value = "LM7805"; VariantName = "[No Variations]"
Added Component: Designator=JP?(JP6)
Add component (AddParameter): Name = "Value"; Value = "JP7"; VariantName = "[No Variations]"
Added Component: Designator=U1(STM32F103C8)
Added Pin To Net: NetName=5V Pin=C2-2
Added Pin To Net: NetName=5V Pin=HC5-5
Added Pin To Net: NetName=5V Pin=IC1-3
Added Pin To Net: NetName=5V Pin=JP?-1
Added Pin To Net: NetName=5V Pin=JP?-2
Added Pin To Net: NetName=5V Pin=U1-18
Added Net: Name=5V
Added Pin To Net: NetName=12V Pin=C6-2
Added Pin To Net: NetName=12V Pin=IC1-1
Added Net: Name=12V
Added Pin To Net: NetName=GND Pin=C2-1
Added Pin To Net: NetName=GND Pin=C6-1
Added Pin To Net: NetName=GND Pin=HC5-4
Added Pin To Net: NetName=GND Pin=IC1-2
Added Pin To Net: NetName=GND Pin=JP?-3
Added Pin To Net: NetName=GND Pin=JP?-4
Added Pin To Net: NetName=GND Pin=U1-19
Added Pin To Net: NetName=GND Pin=U1-39
Added Pin To Net: NetName=GND Pin=U1-40
Added Net: Name=GND
Added Pin To Net: NetName=PA1 Pin=JP?-5
Added Pin To Net: NetName=PA1 Pin=U1-26
Added Net: Name=PA1
Added Pin To Net: NetName=PA2 Pin=JP?-6
Added Pin To Net: NetName=PA2 Pin=U1-27
Added Net: Name=PA2
Added Pin To Net: NetName=RX Pin=HC5-2
Added Pin To Net: NetName=RX Pin=U1-6
Added Net: Name=RX
Added Pin To Net: NetName=TX Pin=HC5-3
Added Pin To Net: NetName=TX Pin=U1-7
Added Net: Name=TX
Added Class: Name=machnl
Added Room: Name=machnl
